<?xml version="1.0" encoding="UTF-8"?>
<testsuite xmlns:xsi="http://www.w3.org/2001/XMLSchema-instance" xsi:noNamespaceSchemaLocation="https://maven.apache.org/surefire/maven-surefire-plugin/xsd/surefire-test-report-3.0.xsd" version="3.0" name="bot.commands.StartCommandTest" time="1.064" tests="7" errors="0" skipped="0" failures="0">
  <properties>
[...]
</properties>
  <testcase name="testProcessButtonResponse_yes_updatesStateToAskName" classname="bot.commands.StartCommandTest" time="0.016"/>
  <testcase name="testProcessButtonResponse_no_keepsDataAndInformsUser" classname="bot.commands.StartCommandTest" time="0.003"/>
  <testcase name="testValidation_emptyGroup_returnsErrorMessage" classname="bot.commands.StartCommandTest" time="0.001"/>
  <testcase name="testFullRegistrationFlow_name_group_university_department_course" classname="bot.commands.StartCommandTest" time="1.029">
    <system-out><![CDATA[Удалено устаревших mapping: 0
]]></system-out>
  </testcase>
  <testcase name="testValidation_emptyName_returnsErrorMessage" classname="bot.commands.StartCommandTest" time="0.001"/>
  <testcase name="testProcessStart_newUser_createsUserAndAsksName" classname="bot.commands.StartCommandTest" time="0.004">
    <system-out><![CDATA[Удалено устаревших mapping: 0
]]></system-out>
  </testcase>
  <testcase name="testProcessStart_alreadyRegistered_showsProfileAndButtons" classname="bot.commands.StartCommandTest" time="0.003">
    <system-out><![CDATA[Удалено устаревших mapping: 0
]]></system-out>
  </testcase>
</testsuite>