<?xml version="1.0" encoding="UTF-8"?>
<testsuite xmlns:xsi="http://www.w3.org/2001/XMLSchema-instance" xsi:noNamespaceSchemaLocation="https://maven.apache.org/surefire/maven-surefire-plugin/xsd/surefire-test-report-3.0.xsd" version="3.0" name="bot.commands.HelpCommandTest" time="0.138" tests="21" errors="0" skipped="0" failures="0">
  <properties>
[...]
</properties>
  <testcase name="helpListsAllCommands" classname="bot.commands.HelpCommandTest" time="0.015"/>
  <testcase name="helpWithTab(String)[1]" classname="bot.commands.HelpCommandTest" time="0.003"/>
  <testcase name="helpWithTab(String)[2]" classname="bot.commands.HelpCommandTest" time="0.003"/>
  <testcase name="helpWithTab(String)[3]" classname="bot.commands.HelpCommandTest" time="0.003"/>
  <testcase name="helpWithTab(String)[4]" classname="bot.commands.HelpCommandTest" time="0.005"/>
  <testcase name="helpWithTab(String)[5]" classname="bot.commands.HelpCommandTest" time="0.003"/>
  <testcase name="helpWithTab(String)[6]" classname="bot.commands.HelpCommandTest" time="0.002"/>
  <testcase name="helpWithTab(String)[7]" classname="bot.commands.HelpCommandTest" time="0.002"/>
  <testcase name="helpInfoForAbout" classname="bot.commands.HelpCommandTest" time="0.019"/>
  <testcase name="helpWithTabAuthors(String)[1]" classname="bot.commands.HelpCommandTest" time="0.003"/>
  <testcase name="helpWithTabAuthors(String)[2]" classname="bot.commands.HelpCommandTest" time="0.001"/>
  <testcase name="helpWithTabAuthors(String)[3]" classname="bot.commands.HelpCommandTest" time="0.001"/>
  <testcase name="helpWithTabAuthors(String)[4]" classname="bot.commands.HelpCommandTest" time="0.002"/>
  <testcase name="helpWithTabAuthors(String)[5]" classname="bot.commands.HelpCommandTest" time="0.001"/>
  <testcase name="helpWithTabAbout(String)[1]" classname="bot.commands.HelpCommandTest" time="0.001"/>
  <testcase name="helpWithTabAbout(String)[2]" classname="bot.commands.HelpCommandTest" time="0.0"/>
  <testcase name="helpWithTabAbout(String)[3]" classname="bot.commands.HelpCommandTest" time="0.002"/>
  <testcase name="helpWithTabAbout(String)[4]" classname="bot.commands.HelpCommandTest" time="0.002"/>
  <testcase name="helpWithTabAbout(String)[5]" classname="bot.commands.HelpCommandTest" time="0.001"/>
  <testcase name="helpunknownCommand" classname="bot.commands.HelpCommandTest" time="0.004"/>
  <testcase name="helpInfoForAuthors" classname="bot.commands.HelpCommandTest" time="0.001"/>
</testsuite>